#
# A fatal error has been detected by the Java Runtime Environment:
#
#  EXCEPTION_ACCESS_VIOLATION (0xc0000005) at pc=0x00007ffd681f1b65, pid=4736, tid=16220
#
# JRE version:  (21.0.10+7) (build )
# Java VM: OpenJDK 64-Bit Server VM (21.0.10+7-LTS, mixed mode, sharing, tiered, compressed class ptrs, unknown gc, windows-amd64)
# Problematic frame:
# C  [jimage.dll+0x1b65]
#
# No core dump will be written. Minidumps are not enabled by default on client versions of Windows
#
#

---------------  S U M M A R Y ------------

Command Line: 

Host: Intel(R) Core(TM) i5-1035G1 CPU @ 1.00GHz, 8 cores, 7G,  Windows 11 , 64 bit Build 26100 (10.0.26100.7920)
Time: Wed Mar 18 18:20:10 2026 India Standard Time elapsed time: 2.023957 seconds (0d 0h 0m 2s)

---------------  T H R E A D  ---------------

Current thread is native thread

Stack: [0x0000002bc0100000,0x0000002bc0200000],  sp=0x0000002bc01fe120,  free space=1016k
Native frames: (J=compiled Java code, j=interpreted, Vv=VM code, C=native code)
C  [jimage.dll+0x1b65]


siginfo: EXCEPTION_ACCESS_VIOLATION (0xc0000005), reading address 0x0000000000014a38


Registers:
RAX=0x00000000000007b3, RBX=0x0000002bc01fe211, RCX=0x00007ffd681f6000, RDX=0x0000000000005287
RSP=0x0000002bc01fe120, RBP=0x0000002bc01fe210, RSI=0x0000000000007637, RDI=0x0000002bc01fe210
R8 =0x00007ffd681f4298, R9 =0x000000000000001c, R10=0x00007ffd3afc0000, R11=0x00007ffd681f6000
R12=0x0000000000000000, R13=0x0000002bc01ffc40, R14=0x0000002bc01ff280, R15=0x00007ffcb8664558
RIP=0x00007ffd681f1b65, EFLAGS=0x0000000000010247

XMM[0]=0x0000000000000000 0x0000000000000000
XMM[1]=0x2f6d762f6c616e72 0x65746e692f6b646a
XMM[2]=0x736e6f6974706f2f 0x6d762f6c616e7265
XMM[3]=0x0000000000000000 0x0000000000000000
XMM[4]=0x0000000000000000 0x0000000000000000
XMM[5]=0x0000000000000000 0x0000000000000000
XMM[6]=0x0000000000000000 0x0000000000000000
XMM[7]=0x0000000000000000 0x0000000000000000
XMM[8]=0x0000000000000000 0x0000000000000000
XMM[9]=0x0000000000000000 0x0000000000000000
XMM[10]=0x0000000000000000 0x0000000000000000
XMM[11]=0x0000000000000000 0x0000000000000000
XMM[12]=0x0000000000000000 0x0000000000000000
XMM[13]=0x0000000000000000 0x0000000000000000
XMM[14]=0x0000000000000000 0x0000000000000000
XMM[15]=0x0000000000000000 0x0000000000000000
  MXCSR=0x00001f80


Top of Stack: (sp=0x0000002bc01fe120)
0x0000002bc01fe120:   0000000000000000 0000002bc01fe5e8
0x0000002bc01fe130:   0000000000000009 0000000000000006
0x0000002bc01fe140:   000001d00f352fd0 00007ffd681f1cef
0x0000002bc01fe150:   000000000000000b 000001d00f352fd0
0x0000002bc01fe160:   0000000000000000 0000000000000000
0x0000002bc01fe170:   0000000000000000 00007ffd74937f30
0x0000002bc01fe180:   0030003000003f5c 00007ffd74939440
0x0000002bc01fe190:   00000064749390f0 0000000000000000
0x0000002bc01fe1a0:   0000000000000012 0000002bc01fe668
0x0000002bc01fe1b0:   00009528e40aefcf 000000000000006e
0x0000002bc01fe1c0:   00007ffcb8641de0 0000000000000017
0x0000002bc01fe1d0:   000001d00f352fd0 0000002bc01ff280
0x0000002bc01fe1e0:   000000000000000b 00007ffd681f25b9
0x0000002bc01fe1f0:   0000000000000000 0000000000000000
0x0000002bc01fe200:   000001d00f382560 0000000000000000
0x0000002bc01fe210:   61622e6176616a2f 692f6b646a2f6573
0x0000002bc01fe220:   2f6c616e7265746e 6f6974706f2f6d76
0x0000002bc01fe230:   000000000000736e 0000000000000000
0x0000002bc01fe240:   0000000000000000 0000000000000000
0x0000002bc01fe250:   000001d00f381d40 0000000000000000
0x0000002bc01fe260:   0000000000000000 0000000000000000
0x0000002bc01fe270:   0000000000000000 0000000000000000
0x0000002bc01fe280:   0000000000000000 0000000000000000
0x0000002bc01fe290:   0000000000000000 0000000000000000
0x0000002bc01fe2a0:   0000000000000000 0000000000000000
0x0000002bc01fe2b0:   0000000000000000 0000000000000000
0x0000002bc01fe2c0:   0000000000000000 0000000000000000
0x0000002bc01fe2d0:   0000000000000000 0000000000000000
0x0000002bc01fe2e0:   0063003500660033 00720064004c002d
0x0000002bc01fe2f0:   00640061006f004c 002d006c006c0044
0x0000002bc01fe300:   00000000002d0052 0000000000000000
0x0000002bc01fe310:   0000000000000000 0000000000000000 

Instructions: (pc=0x00007ffd681f1b65)
0x00007ffd681f1a65:   48 85 c9 74 1d 80 3d 9f 45 00 00 00 74 06 48 8b
0x00007ffd681f1a75:   53 18 eb 04 48 8b 53 40 e8 92 0e 00 00 48 83 63
0x00007ffd681f1a85:   48 00 8b 4b 0c 83 f9 ff 74 09 e8 c8 0c 00 00 83
0x00007ffd681f1a95:   4b 0c ff 48 8b 4b 70 48 85 c9 74 0f ba 10 00 00
0x00007ffd681f1aa5:   00 e8 e9 0e 00 00 48 83 63 70 00 48 83 c4 20 5b
0x00007ffd681f1ab5:   c3 cc cc 40 53 48 83 ec 20 48 8b d9 48 8d 0d b8
0x00007ffd681f1ac5:   47 00 00 e8 97 0c 00 00 83 6b 08 01 75 24 48 8b
0x00007ffd681f1ad5:   d3 48 8d 0d 3b 45 00 00 e8 0a 08 00 00 48 8b cb
0x00007ffd681f1ae5:   e8 d6 fe ff ff ba 78 00 00 00 48 8b cb e8 9d 0e
0x00007ffd681f1af5:   00 00 48 8d 0d 82 47 00 00 48 83 c4 20 5b e9 64
0x00007ffd681f1b05:   0c 00 00 48 89 5c 24 08 48 89 74 24 10 57 48 83
0x00007ffd681f1b15:   ec 20 41 8b f1 4d 8b c8 48 8b fa 4c 8b d9 4d 85
0x00007ffd681f1b25:   c0 74 73 85 f6 74 6f 44 8a 12 48 8d 5a 01 48 8b
0x00007ffd681f1b35:   d3 b8 93 01 00 01 eb 12 69 c0 93 01 00 01 41 0f
0x00007ffd681f1b45:   b6 ca 44 8a 12 33 c1 48 ff c2 45 84 d2 75 e9 4d
0x00007ffd681f1b55:   8b 03 33 d2 0f ba f0 1f 49 8b cb f7 f6 48 63 d2
0x00007ffd681f1b65:   41 8b 14 91 41 ff 50 08 85 c0 7e 24 8a 0f eb 10
0x00007ffd681f1b75:   69 c0 93 01 00 01 0f b6 c9 33 c1 8a 0b 48 ff c3
0x00007ffd681f1b85:   84 c9 75 ec 0f ba f0 1f 33 d2 f7 f6 8b c2 eb 09
0x00007ffd681f1b95:   79 04 f7 d0 eb 03 83 c8 ff 48 8b 5c 24 30 48 8b
0x00007ffd681f1ba5:   74 24 38 48 83 c4 20 5f c3 cc cc 48 89 5c 24 08
0x00007ffd681f1bb5:   48 89 74 24 10 57 48 83 ec 20 48 8b f1 48 8d 0d
0x00007ffd681f1bc5:   b7 46 00 00 e8 96 0b 00 00 33 ff 39 3d 42 44 00
0x00007ffd681f1bd5:   00 76 24 48 8b 05 41 44 00 00 48 8b d6 48 8b 1c
0x00007ffd681f1be5:   f8 48 8b 0b e8 5c 1f 00 00 85 c0 74 2b ff c7 3b
0x00007ffd681f1bf5:   3d 1e 44 00 00 72 dc 33 db 48 8d 0d 7b 46 00 00
0x00007ffd681f1c05:   e8 62 0b 00 00 48 8b 74 24 38 48 8b c3 48 8b 5c
0x00007ffd681f1c15:   24 30 48 83 c4 20 5f c3 ff 43 08 eb dc cc cc 48
0x00007ffd681f1c25:   89 5c 24 08 48 89 74 24 10 57 48 83 ec 20 48 8b
0x00007ffd681f1c35:   d9 48 8b f2 48 8b 49 10 49 8b f8 8b 53 30 48 8b
0x00007ffd681f1c45:   01 ff 50 20 4c 8b 43 50 48 8b d6 48 8b 4b 10 44
0x00007ffd681f1c55:   8b c8 e8 ac fe ff ff 83 f8 ff 74 38 48 8b 4b 10 



---------------  P R O C E S S  ---------------

VM state: not at safepoint (not fully initialized)

VM Mutex/Monitor currently owned by a thread: None

CDS archive(s) mapped at: [0x0000000000000000-0x0000000000000000-0x0000000000000000), size 0, SharedBaseAddress: 0x0000000800000000, ArchiveRelocationMode: 1.
Narrow klass base: 0x0000000000000000, Narrow klass shift: 0, Narrow klass range: 0x0

GC Precious Log:
<Not initialized>


Dynamic libraries:
0x00007ff6b7ba0000 - 0x00007ff6b7bae000 	c:\Users\Admin\.vscode\extensions\redhat.java-1.53.0-win32-x64\jre\21.0.10-win32-x86_64\bin\java.exe
0x00007ffd747c0000 - 0x00007ffd74a27000 	C:\WINDOWS\SYSTEM32\ntdll.dll
0x00007ffd72b60000 - 0x00007ffd72c29000 	C:\WINDOWS\System32\KERNEL32.DLL
0x00007ffd71d40000 - 0x00007ffd72131000 	C:\WINDOWS\System32\KERNELBASE.dll
0x00007ffd71bf0000 - 0x00007ffd71d3b000 	C:\WINDOWS\System32\ucrtbase.dll
0x00007ffd3b830000 - 0x00007ffd3b848000 	c:\Users\Admin\.vscode\extensions\redhat.java-1.53.0-win32-x64\jre\21.0.10-win32-x86_64\bin\jli.dll
0x00007ffd3afc0000 - 0x00007ffd3afde000 	c:\Users\Admin\.vscode\extensions\redhat.java-1.53.0-win32-x64\jre\21.0.10-win32-x86_64\bin\VCRUNTIME140.dll
0x00007ffd73fe0000 - 0x00007ffd741a5000 	C:\WINDOWS\System32\USER32.dll
0x00007ffd71910000 - 0x00007ffd71937000 	C:\WINDOWS\System32\win32u.dll
0x00007ffd537e0000 - 0x00007ffd53a73000 	C:\WINDOWS\WinSxS\amd64_microsoft.windows.common-controls_6595b64144ccf1df_6.0.26100.8037_none_3e092faae333b53b\COMCTL32.dll
0x00007ffd744d0000 - 0x00007ffd744fb000 	C:\WINDOWS\System32\GDI32.dll
0x00007ffd72910000 - 0x00007ffd729b9000 	C:\WINDOWS\System32\msvcrt.dll
0x00007ffd72380000 - 0x00007ffd724ab000 	C:\WINDOWS\System32\gdi32full.dll
0x00007ffd71b40000 - 0x00007ffd71be3000 	C:\WINDOWS\System32\msvcp_win.dll
0x00007ffd72db0000 - 0x00007ffd72de1000 	C:\WINDOWS\System32\IMM32.DLL
0x00007ffd6acc0000 - 0x00007ffd6accc000 	c:\Users\Admin\.vscode\extensions\redhat.java-1.53.0-win32-x64\jre\21.0.10-win32-x86_64\bin\vcruntime140_1.dll
0x00007ffcd5270000 - 0x00007ffcd52fd000 	c:\Users\Admin\.vscode\extensions\redhat.java-1.53.0-win32-x64\jre\21.0.10-win32-x86_64\bin\msvcp140.dll
0x00007ffcb7c50000 - 0x00007ffcb89f1000 	c:\Users\Admin\.vscode\extensions\redhat.java-1.53.0-win32-x64\jre\21.0.10-win32-x86_64\bin\server\jvm.dll
0x00007ffd74630000 - 0x00007ffd746eb000 	C:\WINDOWS\System32\ADVAPI32.dll
0x00007ffd741b0000 - 0x00007ffd74257000 	C:\WINDOWS\System32\sechost.dll
0x00007ffd72df0000 - 0x00007ffd72f08000 	C:\WINDOWS\System32\RPCRT4.dll
0x00007ffd737f0000 - 0x00007ffd73864000 	C:\WINDOWS\System32\WS2_32.dll
0x00007ffd70f00000 - 0x00007ffd70f5e000 	C:\WINDOWS\SYSTEM32\POWRPROF.dll
0x00007ffd62110000 - 0x00007ffd62145000 	C:\WINDOWS\SYSTEM32\WINMM.dll
0x00007ffd647d0000 - 0x00007ffd647db000 	C:\WINDOWS\SYSTEM32\VERSION.dll
0x00007ffd70ee0000 - 0x00007ffd70ef4000 	C:\WINDOWS\SYSTEM32\UMPDC.dll
0x00007ffd6fe10000 - 0x00007ffd6fe2b000 	C:\WINDOWS\SYSTEM32\kernel.appcore.dll
0x00007ffd681f0000 - 0x00007ffd681fa000 	c:\Users\Admin\.vscode\extensions\redhat.java-1.53.0-win32-x64\jre\21.0.10-win32-x86_64\bin\jimage.dll

JVMTI agents: none

dbghelp: loading error: 1455
symbol engine: initialization error.

VM Arguments:
java_command: <unknown>
java_class_path (initial): <not set>
Launcher Type: SUN_STANDARD

[Global flags]
     bool UseLargePagesIndividualAllocation        = false                                  {pd product} {ergonomic}

Logging:
Log output configuration:
 #0: stdout all=warning uptime,level,tags foldmultilines=false
 #1: stderr all=off uptime,level,tags foldmultilines=false

Release file:
<release file has not been read>
Environment Variables:
PATH=C:\Users\Admin\AppData\Local\Programs\Microsoft VS Code;C:\WINDOWS\system32;C:\WINDOWS;C:\WINDOWS\System32\Wbem;C:\WINDOWS\System32\WindowsPowerShell\v1.0\;C:\WINDOWS\System32\OpenSSH\;C:\MinGW\bin;C:\Program Files\Git\cmd;C:\Program Files\GitHub CLI\;C:\Program Files\Java\jdk-23;C:\Program Files\Java\jdk-23\bin;C:\Users\Admin\AppData\Local\Microsoft\WindowsApps;C:\Users\Admin\AppData\Local\Programs\Microsoft VS Code\bin;C:\Users\Admin\AppData\Local\GitHubDesktop\bin;C:\Program Files\Java\jdk-23\bin;C:\Users\Admin\miniconda3;C:\Users\Admin\miniconda3\Scripts;C:\Users\Admin\miniconda3\Library\bin;C:\Program Files\MongoDB\Server\8.0\bin;F:\Users\Admin\Downloads\mongosh-2.5.7-win32-x64.zip\mongosh-2.5.7-win32-x64\bin;C:\Program Files\MongoDB\Server\8.0\bin;C:\Program Files\MySQL\MySQL Shell 8.0\bin\;C:\Users\Admin\AppData\Local\Microsoft\WindowsApps;C:\Users\Admin\AppData\Local\GitHubDesktop\bin;C:\Users\Admin\AppData\Local\Programs\Microsoft VS Code\bin;C:\Users\Admin\AppData\Local\Programs\mongosh\;C:\Users\Admin\AppData\Local\Programs\Python\Python311\;C:\Users\Admin\AppData\Local\Programs\Python\Python311\Scripts\;F:\Users\Admin\Downloads\apache-maven-3.9.14-bin\apache-maven-3.9.14\bin;
USERNAME=Admin
OS=Windows_NT
PROCESSOR_IDENTIFIER=Intel64 Family 6 Model 126 Stepping 5, GenuineIntel
TMP=C:\Users\Admin\AppData\Local\Temp
TEMP=C:\Users\Admin\AppData\Local\Temp




Periodic native trim disabled

---------------  S Y S T E M  ---------------

OS:
 Windows 11 , 64 bit Build 26100 (10.0.26100.7920)
OS uptime: 0 days 2:32 hours

CPU: total 8 (initial active 0) 
Processor Information for the first 8 processors :
  Max Mhz: 1190, Current Mhz: 991, Mhz Limit: 987

Memory: 4k page, system-wide physical 7959M (531M free)
TotalPageFile size 23209M (AvailPageFile size 32M)
current process WorkingSet (physical memory assigned to process): 7M, peak: 7M
current process commit charge ("private bytes"): 2M, peak: 2M

vm_info: OpenJDK 64-Bit Server VM (21.0.10+7-LTS) for windows-amd64 JRE (21.0.10+7-LTS), built on 2026-01-20T00:00:00Z by "admin" with MS VC++ 17.12 (VS2022)

END.
